# JRE version: Java(TM) SE Runtime Environment (19.0.2+7) (build 19.0.2+7-44)
# Java VM: Java HotSpot(TM) 64-Bit Server VM (19.0.2+7-44, mixed mode, sharing, tiered, compressed oops, compressed class ptrs, g1 gc, windows-amd64)
GC Precious Log:
 CardTable entry size: 512
 Card Set container configuration: InlinePtr #cards 4 size 8 Array Of Cards #cards 32 size 80 Howl #buckets 8 coarsen threshold 7372 Howl Bitmap #cards 1024 size 144 coarsen threshold 921 Card regions per heap region 1 cards per card region 8192
 CPUs: 4 total, 4 available
 Memory: 3739M
 Large Page Support: Disabled
 NUMA Support: Disabled
 Compressed Oops: Enabled (Zero based)
 Heap Region Size: 4M
 Heap Min Capacity: 8M
 Heap Initial Capacity: 60M
 Heap Max Capacity: 8G
 Pre-touch: Disabled
 Parallel Workers: 4
 Concurrent Workers: 1
 Concurrent Refinement Workers: 4
 Periodic GC: Disabled
Heap:
 garbage-first heap   total 1429504K, used 195388K [0x0000000600000000, 0x0000000800000000)
  region size 4096K, 1 young (4096K), 1 survivors (4096K)
 Metaspace       used 90098K, committed 92160K, reserved 1179648K
  class space    used 11896K, committed 12992K, reserved 1048576K
GC Heap History (20 events):
Event: 61.877 GC heap after
{Heap after GC invocations=66 (full 0):
 garbage-first heap   total 835584K, used 123769K [0x0000000600000000, 0x0000000800000000)
  region size 4096K, 5 young (20480K), 5 survivors (20480K)
 Metaspace       used 72584K, committed 74560K, reserved 1114112K
  class space    used 10086K, committed 11200K, reserved 1048576K
}
Event: 75.260 GC heap before
{Heap before GC invocations=66 (full 0):
 garbage-first heap   total 835584K, used 603001K [0x0000000600000000, 0x0000000800000000)
  region size 4096K, 122 young (499712K), 5 survivors (20480K)
 Metaspace       used 81375K, committed 83328K, reserved 1179648K
  class space    used 11044K, committed 12096K, reserved 1048576K
}
Event: 75.568 GC heap after
{Heap after GC invocations=67 (full 0):
 garbage-first heap   total 835584K, used 124772K [0x0000000600000000, 0x0000000800000000)
  region size 4096K, 8 young (32768K), 8 survivors (32768K)
 Metaspace       used 81375K, committed 83328K, reserved 1179648K
  class space    used 11044K, committed 12096K, reserved 1048576K
}
Event: 117.424 GC heap before
{Heap before GC invocations=67 (full 0):
 garbage-first heap   total 835584K, used 497508K [0x0000000600000000, 0x0000000800000000)
  region size 4096K, 99 young (405504K), 8 survivors (32768K)
 Metaspace       used 87616K, committed 89664K, reserved 1179648K
  class space    used 11751K, committed 12864K, reserved 1048576K
}
Event: 117.727 GC heap after
{Heap after GC invocations=68 (full 0):
 garbage-first heap   total 835584K, used 129391K [0x0000000600000000, 0x0000000800000000)
  region size 4096K, 8 young (32768K), 8 survivors (32768K)
 Metaspace       used 87616K, committed 89664K, reserved 1179648K
  class space    used 11751K, committed 12864K, reserved 1048576K
}
Event: 118.187 GC heap before
{Heap before GC invocations=68 (full 0):
 garbage-first heap   total 835584K, used 137583K [0x0000000600000000, 0x0000000800000000)
  region size 4096K, 10 young (40960K), 8 survivors (32768K)
 Metaspace       used 87673K, committed 89728K, reserved 1179648K
  class space    used 11752K, committed 12864K, reserved 1048576K
}
Event: 118.306 GC heap after
{Heap after GC invocations=69 (full 0):
 garbage-first heap   total 835584K, used 132276K [0x0000000600000000, 0x0000000800000000)
  region size 4096K, 2 young (8192K), 2 survivors (8192K)
 Metaspace       used 87673K, committed 89728K, reserved 1179648K
  class space    used 11752K, committed 12864K, reserved 1048576K
}
Event: 142.425 GC heap before
{Heap before GC invocations=69 (full 0):
 garbage-first heap   total 835584K, used 619700K [0x0000000600000000, 0x0000000800000000)
  region size 4096K, 122 young (499712K), 2 survivors (8192K)
 Metaspace       used 88892K, committed 90944K, reserved 1179648K
  class space    used 11789K, committed 12864K, reserved 1048576K
}
Event: 143.132 GC heap after
{Heap after GC invocations=70 (full 0):
 garbage-first heap   total 835584K, used 142379K [0x0000000600000000, 0x0000000800000000)
  region size 4096K, 4 young (16384K), 4 survivors (16384K)
 Metaspace       used 88892K, committed 90944K, reserved 1179648K
  class space    used 11789K, committed 12864K, reserved 1048576K
}
Event: 143.761 GC heap before
{Heap before GC invocations=70 (full 0):
 garbage-first heap   total 835584K, used 236587K [0x0000000600000000, 0x0000000800000000)
  region size 4096K, 27 young (110592K), 4 survivors (16384K)
 Metaspace       used 88904K, committed 90944K, reserved 1179648K
  class space    used 11789K, committed 12864K, reserved 1048576K
}
Event: 143.810 GC heap after
{Heap after GC invocations=71 (full 0):
 garbage-first heap   total 1429504K, used 149874K [0x0000000600000000, 0x0000000800000000)
  region size 4096K, 2 young (8192K), 2 survivors (8192K)
 Metaspace       used 88904K, committed 90944K, reserved 1179648K
  class space    used 11789K, committed 12864K, reserved 1048576K
}
Event: 146.658 GC heap before
{Heap before GC invocations=71 (full 0):
 garbage-first heap   total 1429504K, used 547186K [0x0000000600000000, 0x0000000800000000)
  region size 4096K, 101 young (413696K), 2 survivors (8192K)
 Metaspace       used 88958K, committed 90944K, reserved 1179648K
  class space    used 11789K, committed 12864K, reserved 1048576K
}
Event: 146.746 GC heap after
{Heap after GC invocations=72 (full 0):
 garbage-first heap   total 1429504K, used 158370K [0x0000000600000000, 0x0000000800000000)
  region size 4096K, 4 young (16384K), 4 survivors (16384K)
 Metaspace       used 88958K, committed 90944K, reserved 1179648K
  class space    used 11789K, committed 12864K, reserved 1048576K
}
Event: 148.367 GC heap before
{Heap before GC invocations=72 (full 0):
 garbage-first heap   total 1429504K, used 445090K [0x0000000600000000, 0x0000000800000000)
  region size 4096K, 75 young (307200K), 4 survivors (16384K)
 Metaspace       used 89004K, committed 91072K, reserved 1179648K
  class space    used 11789K, committed 12864K, reserved 1048576K
}
Event: 148.387 GC heap after
{Heap after GC invocations=73 (full 0):
 garbage-first heap   total 1429504K, used 164142K [0x0000000600000000, 0x0000000800000000)
  region size 4096K, 6 young (24576K), 6 survivors (24576K)
 Metaspace       used 89004K, committed 91072K, reserved 1179648K
  class space    used 11789K, committed 12864K, reserved 1048576K
}
Event: 153.321 GC heap before
{Heap before GC invocations=73 (full 0):
 garbage-first heap   total 1429504K, used 500014K [0x0000000600000000, 0x0000000800000000)
  region size 4096K, 89 young (364544K), 6 survivors (24576K)
 Metaspace       used 89969K, committed 92032K, reserved 1179648K
  class space    used 11894K, committed 12992K, reserved 1048576K
}
Event: 153.630 GC heap after
{Heap after GC invocations=74 (full 0):
 garbage-first heap   total 1429504K, used 192011K [0x0000000600000000, 0x0000000800000000)
  region size 4096K, 12 young (49152K), 12 survivors (49152K)
 Metaspace       used 89969K, committed 92032K, reserved 1179648K
  class space    used 11894K, committed 12992K, reserved 1048576K
}
Event: 154.627 GC heap before
{Heap before GC invocations=74 (full 0):
 garbage-first heap   total 1429504K, used 294411K [0x0000000600000000, 0x0000000800000000)
  region size 4096K, 37 young (151552K), 12 survivors (49152K)
 Metaspace       used 89990K, committed 92032K, reserved 1179648K
  class space    used 11894K, committed 12992K, reserved 1048576K
}
Event: 154.791 GC heap after
{Heap after GC invocations=75 (full 0):
 garbage-first heap   total 1429504K, used 195781K [0x0000000600000000, 0x0000000800000000)
  region size 4096K, 1 young (4096K), 1 survivors (4096K)
 Metaspace       used 89990K, committed 92032K, reserved 1179648K
  class space    used 11894K, committed 12992K, reserved 1048576K
}
Event: 161.727 GC heap before
{Heap before GC invocations=75 (full 0):
 garbage-first heap   total 1429504K, used 941253K [0x0000000600000000, 0x0000000800000000)
  region size 4096K, 183 young (749568K), 1 survivors (4096K)
 Metaspace       used 90098K, committed 92160K, reserved 1179648K
  class space    used 11896K, committed 12992K, reserved 1048576K
}

