# JRE version: Java(TM) SE Runtime Environment (19.0.2+7) (build 19.0.2+7-44)
# Java VM: Java HotSpot(TM) 64-Bit Server VM (19.0.2+7-44, mixed mode, sharing, tiered, compressed oops, compressed class ptrs, g1 gc, windows-amd64)
GC Precious Log:
 CardTable entry size: 512
 Card Set container configuration: InlinePtr #cards 4 size 8 Array Of Cards #cards 32 size 80 Howl #buckets 8 coarsen threshold 7372 Howl Bitmap #cards 1024 size 144 coarsen threshold 921 Card regions per heap region 1 cards per card region 8192
 CPUs: 4 total, 4 available
 Memory: 3739M
 Large Page Support: Disabled
 NUMA Support: Disabled
 Compressed Oops: Enabled (Zero based)
 Heap Region Size: 4M
 Heap Min Capacity: 8M
 Heap Initial Capacity: 60M
 Heap Max Capacity: 8G
 Pre-touch: Disabled
 Parallel Workers: 4
 Concurrent Workers: 1
 Concurrent Refinement Workers: 4
 Periodic GC: Disabled
Heap:
 garbage-first heap   total 1257472K, used 223134K [0x0000000600000000, 0x0000000800000000)
  region size 4096K, 3 young (12288K), 3 survivors (12288K)
 Metaspace       used 150004K, committed 152384K, reserved 1245184K
  class space    used 18518K, committed 19776K, reserved 1048576K
GC Heap History (20 events):
Event: 126.155 GC heap after
{Heap after GC invocations=78 (full 0):
 garbage-first heap   total 1257472K, used 162254K [0x0000000600000000, 0x0000000800000000)
  region size 4096K, 4 young (16384K), 4 survivors (16384K)
 Metaspace       used 127520K, committed 129536K, reserved 1179648K
  class space    used 15692K, committed 16768K, reserved 1048576K
}
Event: 131.570 GC heap before
{Heap before GC invocations=78 (full 0):
 garbage-first heap   total 1257472K, used 899534K [0x0000000600000000, 0x0000000800000000)
  region size 4096K, 184 young (753664K), 4 survivors (16384K)
 Metaspace       used 127521K, committed 129536K, reserved 1179648K
  class space    used 15692K, committed 16768K, reserved 1048576K
}
Event: 131.974 GC heap after
{Heap after GC invocations=79 (full 0):
 garbage-first heap   total 1257472K, used 167504K [0x0000000600000000, 0x0000000800000000)
  region size 4096K, 5 young (20480K), 5 survivors (20480K)
 Metaspace       used 127521K, committed 129536K, reserved 1179648K
  class space    used 15692K, committed 16768K, reserved 1048576K
}
Event: 135.103 GC heap before
{Heap before GC invocations=79 (full 0):
 garbage-first heap   total 1257472K, used 667216K [0x0000000600000000, 0x0000000800000000)
  region size 4096K, 127 young (520192K), 5 survivors (20480K)
 Metaspace       used 127523K, committed 129536K, reserved 1179648K
  class space    used 15692K, committed 16768K, reserved 1048576K
}
Event: 135.520 GC heap after
{Heap after GC invocations=80 (full 0):
 garbage-first heap   total 1257472K, used 170599K [0x0000000600000000, 0x0000000800000000)
  region size 4096K, 6 young (24576K), 6 survivors (24576K)
 Metaspace       used 127523K, committed 129536K, reserved 1179648K
  class space    used 15692K, committed 16768K, reserved 1048576K
}
Event: 143.596 GC heap before
{Heap before GC invocations=80 (full 0):
 garbage-first heap   total 1257472K, used 891495K [0x0000000600000000, 0x0000000800000000)
  region size 4096K, 182 young (745472K), 6 survivors (24576K)
 Metaspace       used 130925K, committed 133056K, reserved 1179648K
  class space    used 16279K, committed 17408K, reserved 1048576K
}
Event: 143.671 GC heap after
{Heap after GC invocations=81 (full 0):
 garbage-first heap   total 1257472K, used 163459K [0x0000000600000000, 0x0000000800000000)
  region size 4096K, 4 young (16384K), 4 survivors (16384K)
 Metaspace       used 130925K, committed 133056K, reserved 1179648K
  class space    used 16279K, committed 17408K, reserved 1048576K
}
Event: 150.536 GC heap before
{Heap before GC invocations=81 (full 0):
 garbage-first heap   total 1257472K, used 908931K [0x0000000600000000, 0x0000000800000000)
  region size 4096K, 184 young (753664K), 4 survivors (16384K)
 Metaspace       used 138779K, committed 141056K, reserved 1179648K
  class space    used 17305K, committed 18560K, reserved 1048576K
}
Event: 150.597 GC heap after
{Heap after GC invocations=82 (full 0):
 garbage-first heap   total 1257472K, used 179425K [0x0000000600000000, 0x0000000800000000)
  region size 4096K, 7 young (28672K), 7 survivors (28672K)
 Metaspace       used 138779K, committed 141056K, reserved 1179648K
  class space    used 17305K, committed 18560K, reserved 1048576K
}
Event: 159.337 GC heap before
{Heap before GC invocations=82 (full 0):
 garbage-first heap   total 1257472K, used 904417K [0x0000000600000000, 0x0000000800000000)
  region size 4096K, 184 young (753664K), 7 survivors (28672K)
 Metaspace       used 140041K, committed 142336K, reserved 1179648K
  class space    used 17403K, committed 18624K, reserved 1048576K
}
Event: 159.467 GC heap after
{Heap after GC invocations=83 (full 0):
 garbage-first heap   total 1257472K, used 173956K [0x0000000600000000, 0x0000000800000000)
  region size 4096K, 5 young (20480K), 5 survivors (20480K)
 Metaspace       used 140041K, committed 142336K, reserved 1179648K
  class space    used 17403K, committed 18624K, reserved 1048576K
}
Event: 162.573 GC heap before
{Heap before GC invocations=83 (full 0):
 garbage-first heap   total 1257472K, used 907140K [0x0000000600000000, 0x0000000800000000)
  region size 4096K, 184 young (753664K), 5 survivors (20480K)
 Metaspace       used 140054K, committed 142336K, reserved 1179648K
  class space    used 17403K, committed 18624K, reserved 1048576K
}
Event: 162.612 GC heap after
{Heap after GC invocations=84 (full 0):
 garbage-first heap   total 1257472K, used 175556K [0x0000000600000000, 0x0000000800000000)
  region size 4096K, 6 young (24576K), 6 survivors (24576K)
 Metaspace       used 140054K, committed 142336K, reserved 1179648K
  class space    used 17403K, committed 18624K, reserved 1048576K
}
Event: 175.885 GC heap before
{Heap before GC invocations=84 (full 0):
 garbage-first heap   total 1257472K, used 904644K [0x0000000600000000, 0x0000000800000000)
  region size 4096K, 184 young (753664K), 6 survivors (24576K)
 Metaspace       used 146578K, committed 148992K, reserved 1179648K
  class space    used 18241K, committed 19520K, reserved 1048576K
}
Event: 176.173 GC heap after
{Heap after GC invocations=85 (full 0):
 garbage-first heap   total 1257472K, used 178052K [0x0000000600000000, 0x0000000800000000)
  region size 4096K, 8 young (32768K), 8 survivors (32768K)
 Metaspace       used 146578K, committed 148992K, reserved 1179648K
  class space    used 18241K, committed 19520K, reserved 1048576K
}
Event: 185.502 GC heap before
{Heap before GC invocations=85 (full 0):
 garbage-first heap   total 1257472K, used 391044K [0x0000000600000000, 0x0000000800000000)
  region size 4096K, 59 young (241664K), 8 survivors (32768K)
 Metaspace       used 147900K, committed 150208K, reserved 1245184K
  class space    used 18336K, committed 19584K, reserved 1048576K
}
Event: 185.847 GC heap after
{Heap after GC invocations=86 (full 0):
 garbage-first heap   total 1257472K, used 212552K [0x0000000600000000, 0x0000000800000000)
  region size 4096K, 8 young (32768K), 8 survivors (32768K)
 Metaspace       used 147900K, committed 150208K, reserved 1245184K
  class space    used 18336K, committed 19584K, reserved 1048576K
}
Event: 186.206 GC heap before
{Heap before GC invocations=86 (full 0):
 garbage-first heap   total 1257472K, used 241224K [0x0000000600000000, 0x0000000800000000)
  region size 4096K, 15 young (61440K), 8 survivors (32768K)
 Metaspace       used 147909K, committed 150272K, reserved 1245184K
  class space    used 18336K, committed 19584K, reserved 1048576K
}
Event: 186.315 GC heap after
{Heap after GC invocations=87 (full 0):
 garbage-first heap   total 1257472K, used 219385K [0x0000000600000000, 0x0000000800000000)
  region size 4096K, 2 young (8192K), 2 survivors (8192K)
 Metaspace       used 147909K, committed 150272K, reserved 1245184K
  class space    used 18336K, committed 19584K, reserved 1048576K
}
Event: 197.017 GC heap before
{Heap before GC invocations=87 (full 0):
 garbage-first heap   total 1257472K, used 960761K [0x0000000600000000, 0x0000000800000000)
  region size 4096K, 184 young (753664K), 2 survivors (8192K)
 Metaspace       used 150004K, committed 152384K, reserved 1245184K
  class space    used 18518K, committed 19776K, reserved 1048576K
}

